2023-09-05T04:56:06+00:00 CRITICAL Maximum execution time of 120 seconds exceeded in D:\htdocs_link\v-project\wp-includes\class-wpdb.php on line 2431

2023-09-05T04:56:06+00:00 CRITICAL Maximum execution time of 120 seconds exceeded in D:\htdocs_link\v-project\wp-includes\class-wpdb.php on line 2431


2023-09-05T04:56:06+00:00 CRITICAL Maximum execution time of 120 seconds exceeded in D:\htdocs_link\v-project\wp-includes\class-wpdb.php on line 2431

classes\class-auxin-widget-shortcode-map.php on line 137

2023-09-05T04:56:06+00:00 CRITICAL Maximum execution time of 120 seconds exceeded in D:\htdocs_link\v-project\wp-includes\option.php on line 79

2023-09-05T04:56:11+00:00 CRITICAL Maximum execution time of 120 seconds exceeded in D:\htdocs_link\v-project\wp-content\plugins\brizy\autoload.php on line 36

2023-09-05T04:56:13+00:00 CRITICAL Maximum execution time of 120 seconds exceeded in D:\htdocs_link\v-project\wp-content\plugins\brizy\admin\migrations\shortcodes-mobile-one-migration.php on line 3

2023-09-05T04:56:13+00:00 CRITICAL Maximum execution time of 120 seconds exceeded in D:\htdocs_link\v-project\wp-content\plugins\brizy\admin\migrations\shortcodes-mobile-one-migration.php on line 3

2023-09-05T04:56:14+00:00 CRITICAL Maximum execution time of 120 seconds exceeded in D:\htdocs_link\v-project\wp-content\plugins\brizy\admin\migrations\global-blocks-to-custom-post-migration.php on line 3

2023-09-05T04:56:15+00:00 CRITICAL Maximum execution time of 120 seconds exceeded in D:\htdocs_link\v-project\wp-content\plugins\brizy\admin\migrations\global-blocks-to-custom-post-migration.php on line 3

2023-09-05T04:56:06+00:00 CRITICAL Maximum execution time of 120 seconds exceeded in D:\htdocs_link\v-project\wp-content\plugins\brizy\admin\stories\main.php on line 39

2023-09-05T04:56:46+00:00 CRITICAL Maximum execution time of 120 seconds exceeded in D:\htdocs_link\v-project\wp-content\plugins\elementor\includes\autoloader.php on line 293

2023-09-05T04:56:59+00:00 CRITICAL Maximum execution time of 120 seconds exceeded in D:\htdocs_link\v-project\wp-content\plugins\elementor\includes\autoloader.php on line 293

2023-09-05T04:57:29+00:00 CRITICAL Maximum execution time of 120 seconds exceeded in D:\htdocs_link\v-project\wp-includes\functions.php on line 4550

2023-09-05T04:57:59+00:00 CRITICAL Maximum execution time of 120 seconds exceeded in D:\htdocs_link\v-project\wp-content\plugins\woocommerce\packages\woocommerce-blocks\src\Assets\Api.php on line 73

2023-09-05T04:58:11+00:00 CRITICAL Maximum execution time of 120 seconds exceeded in D:\htdocs_link\v-project\wp-content\plugins\brizy\autoload.php on line 36

2023-09-05T04:58:26+00:00 CRITICAL Maximum execution time of 120 seconds exceeded in D:\htdocs_link\v-project\wp-content\plugins\woocommerce\lib\packages\League\Container\Definition\Definition.php on line 211

2023-09-05T08:05:56+00:00 CRITICAL Maximum execution time of 120 seconds exceeded in D:\htdocs_link\v-project\wp-admin\includes\template.php on line 12

2023-09-05T08:06:02+00:00 CRITICAL Maximum execution time of 120 seconds exceeded in D:\htdocs_link\v-project\wp-content\plugins\woocommerce\includes\rest-api\Controllers\Version1\class-wc-rest-reports-v1-controller.php on line 13

2023-09-05T08:07:23+00:00 CRITICAL Maximum execution time of 120 seconds exceeded in D:\htdocs_link\v-project\wp-content\plugins\bdthemes-element-pack-lite\modules\contact-form-7\widgets\contact-form-7.php on line 11

2023-09-05T08:09:24+00:00 CRITICAL Maximum execution time of 120 seconds exceeded in D:\htdocs_link\v-project\wp-content\plugins\woocommerce\includes\rest-api\Controllers\Version1\class-wc-rest-webhooks-v1-controller.php on line 48

2023-09-05T08:27:59+00:00 CRITICAL Maximum execution time of 120 seconds exceeded in D:\htdocs_link\v-project\wp-admin\includes\class-wp-site-health-auto-updates.php on line 364

2023-09-05T08:30:43+00:00 CRITICAL Maximum execution time of 120 seconds exceeded in D:\htdocs_link\v-project\wp-content\plugins\bdthemes-element-pack-lite\includes\class-parsedown.php on line 17

ons-manager.php on line 15

2023-09-05T08:30:55+00:00 CRITICAL Maximum execution time of 120 seconds exceeded in D:\htdocs_link\v-project\wp-content\plugins\elementor\includes\autoloader.php on line 293

2023-09-05T08:30:56+00:00 CRITICAL Maximum execution time of 120 seconds exceeded in D:\htdocs_link\v-project\wp-content\plugins\elementor\includes\autoloader.php on line 293

2023-09-05T08:31:07+00:00 CRITICAL Maximum execution time of 120 seconds exceeded in D:\htdocs_link\v-project\wp-includes\class-wpdb.php on line 2431

2023-09-05T08:31:21+00:00 CRITICAL Maximum execution time of 120 seconds exceeded in D:\htdocs_link\v-project\wp-content\plugins\contact-form-7\modules\reflection.php on line 9

2023-09-05T08:31:26+00:00 CRITICAL Maximum execution time of 120 seconds exceeded in D:\htdocs_link\v-project\wp-content\plugins\brizy\editor.php on line 23

2023-09-05T08:31:41+00:00 CRITICAL Maximum execution time of 120 seconds exceeded in D:\htdocs_link\v-project\wp-content\plugins\woocommerce\src\Admin\Features\Features.php on line 376

2023-09-05T08:31:45+00:00 CRITICAL Maximum execution time of 120 seconds exceeded in D:\htdocs_link\v-project\wp-content\plugins\woocommerce\src\Admin\PluginsInstaller.php on line 10

2023-09-05T08:31:46+00:00 CRITICAL Maximum execution time of 120 seconds exceeded in D:\htdocs_link\v-project\wp-content\plugins\woocommerce\src\Admin\API\Init.php on line 10

2023-09-05T08:31:47+00:00 CRITICAL Maximum execution time of 120 seconds exceeded in D:\htdocs_link\v-project\wp-content\plugins\woocommerce\src\Internal\Admin\Onboarding\OnboardingProfile.php on line 25

2023-09-05T08:31:48+00:00 CRITICAL Maximum execution time of 120 seconds exceeded in D:\htdocs_link\v-project\wp-content\plugins\woocommerce\src\Admin\ReportsSync.php on line 8

2023-09-05T08:31:51+00:00 CRITICAL Maximum execution time of 120 seconds exceeded in D:\htdocs_link\v-project\wp-content\plugins\woocommerce\src\Admin\Schedulers\SchedulerTraits.php on line 8

2023-09-05T08:31:51+00:00 CRITICAL Maximum execution time of 120 seconds exceeded in D:\htdocs_link\v-project\wp-content\plugins\woocommerce\src\Internal\Admin\Schedulers\OrdersScheduler.php on line 8

2023-09-05T08:31:52+00:00 CRITICAL Maximum execution time of 120 seconds exceeded in D:\htdocs_link\v-project\wp-content\plugins\woocommerce\src\Admin\API\Reports\Customers\DataStore.php on line 8

2023-09-05T08:31:53+00:00 CRITICAL Maximum execution time of 120 seconds exceeded in D:\htdocs_link\v-project\wp-content\plugins\woocommerce\src\Admin\API\Reports\DataStore.php on line 8

2023-09-05T08:31:54+00:00 CRITICAL Maximum execution time of 120 seconds exceeded in D:\htdocs_link\v-project\wp-content\plugins\woocommerce\src\Admin\API\Reports\SqlQuery.php on line 8

2023-09-05T08:33:45+00:00 CRITICAL Maximum execution time of 120 seconds exceeded in D:\htdocs_link\v-project\wp-content\plugins\elementor\core\common\app.php on line 15

2023-09-05T08:33:45+00:00 CRITICAL Maximum execution time of 120 seconds exceeded in D:\htdocs_link\v-project\wp-content\plugins\elementor\core\common\app.php on line 15

2023-09-05T08:33:52+00:00 CRITICAL Maximum execution time of 120 seconds exceeded in D:\htdocs_link\v-project\wp-content\plugins\bdthemes-element-pack-lite\admin\module-settings.php on line 3451

2023-09-05T08:34:16+00:00 CRITICAL Maximum execution time of 120 seconds exceeded in D:\htdocs_link\v-project\wp-includes\functions.php on line 4550

2023-09-05T08:34:22+00:00 CRITICAL Maximum execution time of 120 seconds exceeded in D:\htdocs_link\v-project\wp-content\plugins\woocommerce\packages\woocommerce-blocks\src\Assets\Api.php on line 73

2023-09-05T08:49:05+00:00 CRITICAL Maximum execution time of 120 seconds exceeded in D:\htdocs_link\v-project\wp-content\plugins\woocommerce\vendor\jetpack-autoloader\class-php-autoloader.php on line 88

2023-09-05T09:01:33+00:00 CRITICAL Maximum execution time of 120 seconds exceeded in D:\htdocs_link\v-project\wp-content\plugins\brizy\autoload.php on line 39

2023-09-05T09:01:33+00:00 CRITICAL Maximum execution time of 120 seconds exceeded in D:\htdocs_link\v-project\wp-content\plugins\brizy\admin\post\revision-manager.php on line 20

2023-09-05T09:01:37+00:00 CRITICAL Maximum execution time of 120 seconds exceeded in D:\htdocs_link\v-project\wp-content\plugins\brizy\public\main.php on line 3

2023-09-05T09:01:37+00:00 CRITICAL Maximum execution time of 120 seconds exceeded in D:\htdocs_link\v-project\wp-content\plugins\brizy\admin\fonts\handler.php on line 4

2023-09-05T09:01:40+00:00 CRITICAL Maximum execution time of 120 seconds exceeded in D:\htdocs_link\v-project\wp-content\plugins\brizy\admin\symbols\api.php on line 24

2023-09-05T09:01:32+00:00 CRITICAL Maximum execution time of 120 seconds exceeded in D:\htdocs_link\v-project\wp-includes\functions.php on line 4550

2023-09-05T09:01:41+00:00 CRITICAL Maximum execution time of 120 seconds exceeded in D:\htdocs_link\v-project\wp-content\plugins\elementor\modules\styleguide\module.php on line 9

2023-09-05T09:02:47+00:00 CRITICAL Maximum execution time of 120 seconds exceeded in D:\htdocs_link\v-project\wp-content\plugins\woocommerce\lib\packages\League\Container\Definition\Definition.php on line 211

2023-09-05T09:02:48+00:00 CRITICAL Maximum execution time of 120 seconds exceeded in D:\htdocs_link\v-project\wp-includes\functions.php on line 5271

2023-09-05T09:08:00+00:00 CRITICAL Maximum execution time of 120 seconds exceeded in D:\htdocs_link\v-project\wp-content\plugins\elementor\includes\controls\hidden.php on line 4

2023-09-05T10:19:52+00:00 CRITICAL Maximum execution time of 120 seconds exceeded in D:\htdocs_link\v-project\wp-content\plugins\brizy\editor\url-builder.php on line 32

2023-09-05T12:17:48+00:00 CRITICAL Maximum execution time of 120 seconds exceeded in D:\htdocs_link\v-project\wp-content\plugins\woocommerce\src\Admin\API\OnboardingTasks.php on line 16

2023-09-05T12:18:19+00:00 CRITICAL Maximum execution time of 120 seconds exceeded in D:\htdocs_link\v-project\wp-content\plugins\woocommerce\includes\rest-api\Controllers\Version1\class-wc-rest-reports-v1-controller.php on line 43

2023-09-05T12:19:42+00:00 CRITICAL Maximum execution time of 120 seconds exceeded in D:\htdocs_link\v-project\wp-includes\class-wpdb.php on line 2397

2023-09-05T12:19:46+00:00 CRITICAL Maximum execution time of 120 seconds exceeded in D:\htdocs_link\v-project\wp-content\plugins\woocommerce\packages\woocommerce-blocks\src\Domain\Bootstrap.php on line 69

2023-09-05T12:19:50+00:00 CRITICAL Maximum execution time of 120 seconds exceeded in D:\htdocs_link\v-project\wp-content\plugins\auxin-elements\public\class-auxels.php on line 128

2023-09-05T12:20:24+00:00 CRITICAL Maximum execution time of 120 seconds exceeded in D:\htdocs_link\v-project\wp-content\plugins\elementor\includes\autoloader.php on line 293

